<?xml version="1.0" encoding="UTF-8"?>
<testsuite name="com.devives.rstdoclet.RstDocletJdk11Test" tests="1" skipped="0" failures="0" errors="0" timestamp="2024-04-07T08:42:28" hostname="DESKTOP-5793415" time="0.734">
  <properties/>
  <testcase name="generate_forSamples_noExceptions()" classname="com.devives.rstdoclet.RstDocletJdk11Test" time="0.734"/>
  <system-out><![CDATA[project.root = E:\GitHub\devives\rst-doclet\jdk11
outputPath = E:\GitHub\devives\rst-doclet\jdk11\build\test-results\javadoc2rst
sourcePath = E:\GitHub\devives\rst-doclet\jdk11\..\samples\src\main\java8;E:\GitHub\devives\rst-doclet\jdk11\..\samples\src\main\java11
Loading source files for package com.devives.samples...
Constructing Javadoc information...
Standard Doclet version 11.0.18
Building tree for all the packages and classes...
Generates documentation for com.devives.samples.SampleAnnotation
Generating E:\GitHub\devives\rst-doclet\jdk11\build\test-results\javadoc2rst\com\devives\samples\SampleAnnotation.html...
Generating E:\GitHub\devives\rst-doclet\jdk11\build\test-results\javadoc2rst\com\devives\samples\SampleAnnotation.html...
Generates documentation for com.devives.samples.SampleClass
Generating E:\GitHub\devives\rst-doclet\jdk11\build\test-results\javadoc2rst\com\devives\samples\SampleClass.html...
Generating E:\GitHub\devives\rst-doclet\jdk11\build\test-results\javadoc2rst\com\devives\samples\SampleClass.html...
Generating E:\GitHub\devives\rst-doclet\jdk11\build\test-results\javadoc2rst\com\devives\samples\SampleClass.html...
Generating E:\GitHub\devives\rst-doclet\jdk11\build\test-results\javadoc2rst\com\devives\samples\SampleClass.html...
Generating E:\GitHub\devives\rst-doclet\jdk11\build\test-results\javadoc2rst\com\devives\samples\SampleClass.html...
Generating E:\GitHub\devives\rst-doclet\jdk11\build\test-results\javadoc2rst\com\devives\samples\SampleClass.html...
Generating E:\GitHub\devives\rst-doclet\jdk11\build\test-results\javadoc2rst\com\devives\samples\SampleClass.html...
Generating E:\GitHub\devives\rst-doclet\jdk11\build\test-results\javadoc2rst\com\devives\samples\SampleClass.html...
Generating E:\GitHub\devives\rst-doclet\jdk11\build\test-results\javadoc2rst\com\devives\samples\SampleClass.html...
Generating E:\GitHub\devives\rst-doclet\jdk11\build\test-results\javadoc2rst\com\devives\samples\SampleClass.html...
Generating E:\GitHub\devives\rst-doclet\jdk11\build\test-results\javadoc2rst\com\devives\samples\SampleClass.html...
Generates documentation for com.devives.samples.SampleClass11
Generating E:\GitHub\devives\rst-doclet\jdk11\build\test-results\javadoc2rst\com\devives\samples\SampleClass11.html...
Generating E:\GitHub\devives\rst-doclet\jdk11\build\test-results\javadoc2rst\com\devives\samples\SampleClass11.html...
Generating E:\GitHub\devives\rst-doclet\jdk11\build\test-results\javadoc2rst\com\devives\samples\SampleClass11.html...
Generates documentation for com.devives.samples.SampleClassAbst
Generating E:\GitHub\devives\rst-doclet\jdk11\build\test-results\javadoc2rst\com\devives\samples\SampleClassAbst.html...
Generating E:\GitHub\devives\rst-doclet\jdk11\build\test-results\javadoc2rst\com\devives\samples\SampleClassAbst.html...
Generating E:\GitHub\devives\rst-doclet\jdk11\build\test-results\javadoc2rst\com\devives\samples\SampleClassAbst.html...
Generates documentation for com.devives.samples.SampleCollection
Generating E:\GitHub\devives\rst-doclet\jdk11\build\test-results\javadoc2rst\com\devives\samples\SampleCollection.html...
Generating E:\GitHub\devives\rst-doclet\jdk11\build\test-results\javadoc2rst\com\devives\samples\SampleCollection.html...
Generating E:\GitHub\devives\rst-doclet\jdk11\build\test-results\javadoc2rst\com\devives\samples\SampleCollection.html...
Generating E:\GitHub\devives\rst-doclet\jdk11\build\test-results\javadoc2rst\com\devives\samples\SampleCollection.html...
Generating E:\GitHub\devives\rst-doclet\jdk11\build\test-results\javadoc2rst\com\devives\samples\SampleCollection.html...
Generating E:\GitHub\devives\rst-doclet\jdk11\build\test-results\javadoc2rst\com\devives\samples\SampleCollection.html...
Generating E:\GitHub\devives\rst-doclet\jdk11\build\test-results\javadoc2rst\com\devives\samples\SampleCollection.html...
Generating E:\GitHub\devives\rst-doclet\jdk11\build\test-results\javadoc2rst\com\devives\samples\SampleCollection.html...
Generates documentation for com.devives.samples.SampleEnum
Generating E:\GitHub\devives\rst-doclet\jdk11\build\test-results\javadoc2rst\com\devives\samples\SampleEnum.html...
Generating E:\GitHub\devives\rst-doclet\jdk11\build\test-results\javadoc2rst\com\devives\samples\SampleEnum.html...
Generating E:\GitHub\devives\rst-doclet\jdk11\build\test-results\javadoc2rst\com\devives\samples\SampleEnum.html...
Generating E:\GitHub\devives\rst-doclet\jdk11\build\test-results\javadoc2rst\com\devives\samples\SampleEnum.html...
Generating E:\GitHub\devives\rst-doclet\jdk11\build\test-results\javadoc2rst\com\devives\samples\SampleEnum.html...
Generating E:\GitHub\devives\rst-doclet\jdk11\build\test-results\javadoc2rst\com\devives\samples\SampleEnum.html...
Generating E:\GitHub\devives\rst-doclet\jdk11\build\test-results\javadoc2rst\com\devives\samples\SampleEnum.html...
Generating E:\GitHub\devives\rst-doclet\jdk11\build\test-results\javadoc2rst\com\devives\samples\SampleEnum.html...
Generating E:\GitHub\devives\rst-doclet\jdk11\build\test-results\javadoc2rst\com\devives\samples\SampleEnum.html...
Generating E:\GitHub\devives\rst-doclet\jdk11\build\test-results\javadoc2rst\com\devives\samples\SampleEnum.html...
Generates documentation for com.devives.samples.SampleFieldDeclarations
Generating E:\GitHub\devives\rst-doclet\jdk11\build\test-results\javadoc2rst\com\devives\samples\SampleFieldDeclarations.html...
Generating E:\GitHub\devives\rst-doclet\jdk11\build\test-results\javadoc2rst\com\devives\samples\SampleFieldDeclarations.html...
Generating E:\GitHub\devives\rst-doclet\jdk11\build\test-results\javadoc2rst\com\devives\samples\SampleFieldDeclarations.html...
Generating E:\GitHub\devives\rst-doclet\jdk11\build\test-results\javadoc2rst\com\devives\samples\SampleFieldDeclarations.html...
Generating E:\GitHub\devives\rst-doclet\jdk11\build\test-results\javadoc2rst\com\devives\samples\SampleFieldDeclarations.html...
Generating E:\GitHub\devives\rst-doclet\jdk11\build\test-results\javadoc2rst\com\devives\samples\SampleFieldDeclarations.html...
Generating E:\GitHub\devives\rst-doclet\jdk11\build\test-results\javadoc2rst\com\devives\samples\SampleFieldDeclarations.html...
Generating E:\GitHub\devives\rst-doclet\jdk11\build\test-results\javadoc2rst\com\devives\samples\SampleFieldDeclarations.html...
Generating E:\GitHub\devives\rst-doclet\jdk11\build\test-results\javadoc2rst\com\devives\samples\SampleFieldDeclarations.html...
Generating E:\GitHub\devives\rst-doclet\jdk11\build\test-results\javadoc2rst\com\devives\samples\SampleFieldDeclarations.html...
Generating E:\GitHub\devives\rst-doclet\jdk11\build\test-results\javadoc2rst\com\devives\samples\SampleFieldDeclarations.html...
Generating E:\GitHub\devives\rst-doclet\jdk11\build\test-results\javadoc2rst\com\devives\samples\SampleFieldDeclarations.html...
Generating E:\GitHub\devives\rst-doclet\jdk11\build\test-results\javadoc2rst\com\devives\samples\SampleFieldDeclarations.html...
Generating E:\GitHub\devives\rst-doclet\jdk11\build\test-results\javadoc2rst\com\devives\samples\SampleFieldDeclarations.html...
Generating E:\GitHub\devives\rst-doclet\jdk11\build\test-results\javadoc2rst\com\devives\samples\SampleFieldDeclarations.html...
Generating E:\GitHub\devives\rst-doclet\jdk11\build\test-results\javadoc2rst\com\devives\samples\SampleFieldDeclarations.html...
Generating E:\GitHub\devives\rst-doclet\jdk11\build\test-results\javadoc2rst\com\devives\samples\SampleFieldDeclarations.html...
Generating E:\GitHub\devives\rst-doclet\jdk11\build\test-results\javadoc2rst\com\devives\samples\SampleFieldDeclarations.html...
Generating E:\GitHub\devives\rst-doclet\jdk11\build\test-results\javadoc2rst\com\devives\samples\SampleFieldDeclarations.html...
Generating E:\GitHub\devives\rst-doclet\jdk11\build\test-results\javadoc2rst\com\devives\samples\SampleFieldDeclarations.html...
Generating E:\GitHub\devives\rst-doclet\jdk11\build\test-results\javadoc2rst\com\devives\samples\SampleFieldDeclarations.html...
Generating E:\GitHub\devives\rst-doclet\jdk11\build\test-results\javadoc2rst\com\devives\samples\SampleFieldDeclarations.html...
Generating E:\GitHub\devives\rst-doclet\jdk11\build\test-results\javadoc2rst\com\devives\samples\SampleFieldDeclarations.html...
Generates documentation for com.devives.samples.SampleGenericCollection
Generating E:\GitHub\devives\rst-doclet\jdk11\build\test-results\javadoc2rst\com\devives\samples\SampleGenericCollection.html...
Generating E:\GitHub\devives\rst-doclet\jdk11\build\test-results\javadoc2rst\com\devives\samples\SampleGenericCollection.html...
Generating E:\GitHub\devives\rst-doclet\jdk11\build\test-results\javadoc2rst\com\devives\samples\SampleGenericCollection.html...
Generating E:\GitHub\devives\rst-doclet\jdk11\build\test-results\javadoc2rst\com\devives\samples\SampleGenericCollection.html...
Generating E:\GitHub\devives\rst-doclet\jdk11\build\test-results\javadoc2rst\com\devives\samples\SampleGenericCollection.html...
Generating E:\GitHub\devives\rst-doclet\jdk11\build\test-results\javadoc2rst\com\devives\samples\SampleGenericCollection.html...
Generating E:\GitHub\devives\rst-doclet\jdk11\build\test-results\javadoc2rst\com\devives\samples\SampleGenericCollection.html...
Generating E:\GitHub\devives\rst-doclet\jdk11\build\test-results\javadoc2rst\com\devives\samples\SampleGenericCollection.html...
Generates documentation for com.devives.samples.SampleInterface
Generating E:\GitHub\devives\rst-doclet\jdk11\build\test-results\javadoc2rst\com\devives\samples\SampleInterface.html...
Generating E:\GitHub\devives\rst-doclet\jdk11\build\test-results\javadoc2rst\com\devives\samples\SampleInterface.html...
Generates documentation for com.devives.samples.SampleInterface2
Generating E:\GitHub\devives\rst-doclet\jdk11\build\test-results\javadoc2rst\com\devives\samples\SampleInterface2.html...
Generating E:\GitHub\devives\rst-doclet\jdk11\build\test-results\javadoc2rst\com\devives\samples\SampleInterface2.html...
Generates documentation for com.devives.samples.SampleMethodDeclarations
Generating E:\GitHub\devives\rst-doclet\jdk11\build\test-results\javadoc2rst\com\devives\samples\SampleMethodDeclarations.html...
Generating E:\GitHub\devives\rst-doclet\jdk11\build\test-results\javadoc2rst\com\devives\samples\SampleMethodDeclarations.html...
Generating E:\GitHub\devives\rst-doclet\jdk11\build\test-results\javadoc2rst\com\devives\samples\SampleMethodDeclarations.html...
Generating E:\GitHub\devives\rst-doclet\jdk11\build\test-results\javadoc2rst\com\devives\samples\SampleMethodDeclarations.html...
Generating E:\GitHub\devives\rst-doclet\jdk11\build\test-results\javadoc2rst\com\devives\samples\SampleMethodDeclarations.html...
Generating E:\GitHub\devives\rst-doclet\jdk11\build\test-results\javadoc2rst\com\devives\samples\SampleMethodDeclarations.html...
Generating E:\GitHub\devives\rst-doclet\jdk11\build\test-results\javadoc2rst\com\devives\samples\SampleMethodDeclarations.html...
Generating E:\GitHub\devives\rst-doclet\jdk11\build\test-results\javadoc2rst\com\devives\samples\SampleMethodDeclarations.html...
Generating E:\GitHub\devives\rst-doclet\jdk11\build\test-results\javadoc2rst\com\devives\samples\SampleMethodDeclarations.html...
Generating E:\GitHub\devives\rst-doclet\jdk11\build\test-results\javadoc2rst\com\devives\samples\SampleMethodDeclarations.html...
Generating E:\GitHub\devives\rst-doclet\jdk11\build\test-results\javadoc2rst\com\devives\samples\SampleMethodDeclarations.html...
Generating E:\GitHub\devives\rst-doclet\jdk11\build\test-results\javadoc2rst\com\devives\samples\SampleMethodDeclarations.html...
Generating E:\GitHub\devives\rst-doclet\jdk11\build\test-results\javadoc2rst\com\devives\samples\SampleMethodDeclarations.html...
Generating E:\GitHub\devives\rst-doclet\jdk11\build\test-results\javadoc2rst\com\devives\samples\SampleMethodDeclarations.html...
Generating E:\GitHub\devives\rst-doclet\jdk11\build\test-results\javadoc2rst\com\devives\samples\SampleMethodDeclarations.html...
Generating E:\GitHub\devives\rst-doclet\jdk11\build\test-results\javadoc2rst\com\devives\samples\SampleMethodDeclarations.html...
Generating E:\GitHub\devives\rst-doclet\jdk11\build\test-results\javadoc2rst\com\devives\samples\SampleMethodDeclarations.html...
Generating E:\GitHub\devives\rst-doclet\jdk11\build\test-results\javadoc2rst\com\devives\samples\SampleMethodDeclarations.html...
Generating E:\GitHub\devives\rst-doclet\jdk11\build\test-results\javadoc2rst\com\devives\samples\SampleMethodDeclarations.html...
Generating E:\GitHub\devives\rst-doclet\jdk11\build\test-results\javadoc2rst\com\devives\samples\SampleMethodDeclarations.html...
Generating E:\GitHub\devives\rst-doclet\jdk11\build\test-results\javadoc2rst\com\devives\samples\SampleMethodDeclarations.html...
Generating E:\GitHub\devives\rst-doclet\jdk11\build\test-results\javadoc2rst\com\devives\samples\SampleMethodDeclarations.html...
Generating E:\GitHub\devives\rst-doclet\jdk11\build\test-results\javadoc2rst\com\devives\samples\SampleMethodDeclarations.html...
Generating E:\GitHub\devives\rst-doclet\jdk11\build\test-results\javadoc2rst\com\devives\samples\SampleMethodDeclarations.html...
Generating E:\GitHub\devives\rst-doclet\jdk11\build\test-results\javadoc2rst\com\devives\samples\SampleMethodDeclarations.html...
Generating E:\GitHub\devives\rst-doclet\jdk11\build\test-results\javadoc2rst\com\devives\samples\SampleMethodDeclarations.html...
Generating E:\GitHub\devives\rst-doclet\jdk11\build\test-results\javadoc2rst\com\devives\samples\SampleMethodDeclarations.html...
Generating E:\GitHub\devives\rst-doclet\jdk11\build\test-results\javadoc2rst\com\devives\samples\SampleMethodDeclarations.html...
Generating E:\GitHub\devives\rst-doclet\jdk11\build\test-results\javadoc2rst\com\devives\samples\SampleMethodDeclarations.html...
Generating E:\GitHub\devives\rst-doclet\jdk11\build\test-results\javadoc2rst\com\devives\samples\SampleMethodDeclarations.html...
Generating E:\GitHub\devives\rst-doclet\jdk11\build\test-results\javadoc2rst\com\devives\samples\SampleMethodDeclarations.html...
Generating E:\GitHub\devives\rst-doclet\jdk11\build\test-results\javadoc2rst\com\devives\samples\SampleMethodDeclarations.html...
Generating E:\GitHub\devives\rst-doclet\jdk11\build\test-results\javadoc2rst\com\devives\samples\SampleMethodDeclarations.html...
Generating E:\GitHub\devives\rst-doclet\jdk11\build\test-results\javadoc2rst\com\devives\samples\SampleMethodDeclarations.html...
Generating E:\GitHub\devives\rst-doclet\jdk11\build\test-results\javadoc2rst\com\devives\samples\SampleMethodDeclarations.html...
Generating E:\GitHub\devives\rst-doclet\jdk11\build\test-results\javadoc2rst\com\devives\samples\SampleMethodDeclarations.html...
Generating E:\GitHub\devives\rst-doclet\jdk11\build\test-results\javadoc2rst\com\devives\samples\SampleMethodDeclarations.html...
Generating E:\GitHub\devives\rst-doclet\jdk11\build\test-results\javadoc2rst\com\devives\samples\SampleMethodDeclarations.html...
Generating E:\GitHub\devives\rst-doclet\jdk11\build\test-results\javadoc2rst\com\devives\samples\SampleMethodDeclarations.html...
Generating E:\GitHub\devives\rst-doclet\jdk11\build\test-results\javadoc2rst\com\devives\samples\SampleMethodDeclarations.html...
Generating E:\GitHub\devives\rst-doclet\jdk11\build\test-results\javadoc2rst\com\devives\samples\SampleMethodDeclarations.html...
Generating E:\GitHub\devives\rst-doclet\jdk11\build\test-results\javadoc2rst\com\devives\samples\SampleMethodDeclarations.html...
Generating E:\GitHub\devives\rst-doclet\jdk11\build\test-results\javadoc2rst\com\devives\samples\SampleMethodDeclarations.html...
Generating E:\GitHub\devives\rst-doclet\jdk11\build\test-results\javadoc2rst\com\devives\samples\SampleMethodDeclarations.html...
Generating E:\GitHub\devives\rst-doclet\jdk11\build\test-results\javadoc2rst\com\devives\samples\SampleMethodDeclarations.html...
Generating E:\GitHub\devives\rst-doclet\jdk11\build\test-results\javadoc2rst\com\devives\samples\SampleMethodDeclarations.html...
Generating E:\GitHub\devives\rst-doclet\jdk11\build\test-results\javadoc2rst\com\devives\samples\SampleMethodDeclarations.html...
Generating E:\GitHub\devives\rst-doclet\jdk11\build\test-results\javadoc2rst\com\devives\samples\SampleMethodDeclarations.html...
Generating E:\GitHub\devives\rst-doclet\jdk11\build\test-results\javadoc2rst\com\devives\samples\SampleMethodDeclarations.html...
Generating E:\GitHub\devives\rst-doclet\jdk11\build\test-results\javadoc2rst\com\devives\samples\SampleMethodDeclarations.html...
Generating E:\GitHub\devives\rst-doclet\jdk11\build\test-results\javadoc2rst\com\devives\samples\SampleMethodDeclarations.html...
Generating E:\GitHub\devives\rst-doclet\jdk11\build\test-results\javadoc2rst\com\devives\samples\SampleMethodDeclarations.html...
Generating E:\GitHub\devives\rst-doclet\jdk11\build\test-results\javadoc2rst\com\devives\samples\SampleMethodDeclarations.html...
Generating E:\GitHub\devives\rst-doclet\jdk11\build\test-results\javadoc2rst\com\devives\samples\SampleMethodDeclarations.html...
Generates documentation for com.devives.samples.SampleParametrizedClass
Generating E:\GitHub\devives\rst-doclet\jdk11\build\test-results\javadoc2rst\com\devives\samples\SampleParametrizedClass.html...
Generating E:\GitHub\devives\rst-doclet\jdk11\build\test-results\javadoc2rst\com\devives\samples\SampleParametrizedClass.html...
Generating E:\GitHub\devives\rst-doclet\jdk11\build\test-results\javadoc2rst\com\devives\samples\SampleParametrizedClass.html...
Generates documentation for com.devives.samples.SampleSelfParametrizedClass
Generating E:\GitHub\devives\rst-doclet\jdk11\build\test-results\javadoc2rst\com\devives\samples\SampleSelfParametrizedClass.html...
Generating E:\GitHub\devives\rst-doclet\jdk11\build\test-results\javadoc2rst\com\devives\samples\SampleSelfParametrizedClass.html...
Generating E:\GitHub\devives\rst-doclet\jdk11\build\test-results\javadoc2rst\com\devives\samples\SampleSelfParametrizedClass.html...
Generates documentation for com.devives.samples.inners.SampleRootClass
Generating E:\GitHub\devives\rst-doclet\jdk11\build\test-results\javadoc2rst\com\devives\samples\inners\SampleRootClass.html...
Generating E:\GitHub\devives\rst-doclet\jdk11\build\test-results\javadoc2rst\com\devives\samples\inners\SampleRootClass.html...
Generating E:\GitHub\devives\rst-doclet\jdk11\build\test-results\javadoc2rst\com\devives\samples\inners\SampleRootClass.html...
Generates documentation for com.devives.samples.inners.SampleRootClass.InnerClass2
Generating E:\GitHub\devives\rst-doclet\jdk11\build\test-results\javadoc2rst\com\devives\samples\inners\SampleRootClass.InnerClass2.html...
Generating E:\GitHub\devives\rst-doclet\jdk11\build\test-results\javadoc2rst\com\devives\samples\inners\SampleRootClass.InnerClass2.html...
Generating E:\GitHub\devives\rst-doclet\jdk11\build\test-results\javadoc2rst\com\devives\samples\inners\SampleRootClass.InnerClass2.html...
Generates documentation for com.devives.samples.inners.SampleRootClass.InnerClass3
Generating E:\GitHub\devives\rst-doclet\jdk11\build\test-results\javadoc2rst\com\devives\samples\inners\SampleRootClass.InnerClass3.html...
Generating E:\GitHub\devives\rst-doclet\jdk11\build\test-results\javadoc2rst\com\devives\samples\inners\SampleRootClass.InnerClass3.html...
Generating E:\GitHub\devives\rst-doclet\jdk11\build\test-results\javadoc2rst\com\devives\samples\inners\SampleRootClass.InnerClass3.html...
Generates documentation for com.devives.samples.inners.SampleRootClass.InnerClass4
Generating E:\GitHub\devives\rst-doclet\jdk11\build\test-results\javadoc2rst\com\devives\samples\inners\SampleRootClass.InnerClass4.html...
Generating E:\GitHub\devives\rst-doclet\jdk11\build\test-results\javadoc2rst\com\devives\samples\inners\SampleRootClass.InnerClass4.html...
Generating E:\GitHub\devives\rst-doclet\jdk11\build\test-results\javadoc2rst\com\devives\samples\inners\SampleRootClass.InnerClass4.html...
Generates documentation for com.devives.samples.inners.SampleRootClass.InnerClass5
Generating E:\GitHub\devives\rst-doclet\jdk11\build\test-results\javadoc2rst\com\devives\samples\inners\SampleRootClass.InnerClass5.html...
Generating E:\GitHub\devives\rst-doclet\jdk11\build\test-results\javadoc2rst\com\devives\samples\inners\SampleRootClass.InnerClass5.html...
Generating E:\GitHub\devives\rst-doclet\jdk11\build\test-results\javadoc2rst\com\devives\samples\inners\SampleRootClass.InnerClass5.html...
Generates documentation for com.devives.samples.inners.SampleRootClass.InnerClass5.InnerInnerClass5
Generating E:\GitHub\devives\rst-doclet\jdk11\build\test-results\javadoc2rst\com\devives\samples\inners\SampleRootClass.InnerClass5.InnerInnerClass5.html...
Generating E:\GitHub\devives\rst-doclet\jdk11\build\test-results\javadoc2rst\com\devives\samples\inners\SampleRootClass.InnerClass5.InnerInnerClass5.html...
Generating E:\GitHub\devives\rst-doclet\jdk11\build\test-results\javadoc2rst\com\devives\samples\inners\SampleRootClass.InnerClass5.InnerInnerClass5.html...
Generates documentation for com.devives.samples.inners.SampleRootClass.InnerInterface
Generating E:\GitHub\devives\rst-doclet\jdk11\build\test-results\javadoc2rst\com\devives\samples\inners\SampleRootClass.InnerInterface.html...
Generating E:\GitHub\devives\rst-doclet\jdk11\build\test-results\javadoc2rst\com\devives\samples\inners\SampleRootClass.InnerInterface.html...
Generates documentation for com.devives.samples.inners.SampleRootClass.InnerInterface.InnerInnerClass5
Generating E:\GitHub\devives\rst-doclet\jdk11\build\test-results\javadoc2rst\com\devives\samples\inners\SampleRootClass.InnerInterface.InnerInnerClass5.html...
Generating E:\GitHub\devives\rst-doclet\jdk11\build\test-results\javadoc2rst\com\devives\samples\inners\SampleRootClass.InnerInterface.InnerInnerClass5.html...
Generating E:\GitHub\devives\rst-doclet\jdk11\build\test-results\javadoc2rst\com\devives\samples\inners\SampleRootClass.InnerInterface.InnerInnerClass5.html...
Generates documentation for com.devives.samples.inners.SampleRootInterface
Generating E:\GitHub\devives\rst-doclet\jdk11\build\test-results\javadoc2rst\com\devives\samples\inners\SampleRootInterface.html...
Generating E:\GitHub\devives\rst-doclet\jdk11\build\test-results\javadoc2rst\com\devives\samples\inners\SampleRootInterface.html...
Generates documentation for com.devives.samples.inners.SampleRootInterface.InnerClass
Generating E:\GitHub\devives\rst-doclet\jdk11\build\test-results\javadoc2rst\com\devives\samples\inners\SampleRootInterface.InnerClass.html...
Generating E:\GitHub\devives\rst-doclet\jdk11\build\test-results\javadoc2rst\com\devives\samples\inners\SampleRootInterface.InnerClass.html...
Generating E:\GitHub\devives\rst-doclet\jdk11\build\test-results\javadoc2rst\com\devives\samples\inners\SampleRootInterface.InnerClass.html...
Generates documentation for com.devives.samples.inners.SampleRootInterface.InnerInterface
Generating E:\GitHub\devives\rst-doclet\jdk11\build\test-results\javadoc2rst\com\devives\samples\inners\SampleRootInterface.InnerInterface.html...
Generating E:\GitHub\devives\rst-doclet\jdk11\build\test-results\javadoc2rst\com\devives\samples\inners\SampleRootInterface.InnerInterface.html...
Generates documentation for com.devives.samples.vehicles.Bus
Generating E:\GitHub\devives\rst-doclet\jdk11\build\test-results\javadoc2rst\com\devives\samples\vehicles\Bus.html...
Generating E:\GitHub\devives\rst-doclet\jdk11\build\test-results\javadoc2rst\com\devives\samples\vehicles\Bus.html...
Generates documentation for com.devives.samples.vehicles.BusImpl
Generating E:\GitHub\devives\rst-doclet\jdk11\build\test-results\javadoc2rst\com\devives\samples\vehicles\BusImpl.html...
Generating E:\GitHub\devives\rst-doclet\jdk11\build\test-results\javadoc2rst\com\devives\samples\vehicles\BusImpl.html...
Generating E:\GitHub\devives\rst-doclet\jdk11\build\test-results\javadoc2rst\com\devives\samples\vehicles\BusImpl.html...
Generates documentation for com.devives.samples.vehicles.Car
Generating E:\GitHub\devives\rst-doclet\jdk11\build\test-results\javadoc2rst\com\devives\samples\vehicles\Car.html...
Generating E:\GitHub\devives\rst-doclet\jdk11\build\test-results\javadoc2rst\com\devives\samples\vehicles\Car.html...
Generates documentation for com.devives.samples.vehicles.CarImpl
Generating E:\GitHub\devives\rst-doclet\jdk11\build\test-results\javadoc2rst\com\devives\samples\vehicles\CarImpl.html...
Generating E:\GitHub\devives\rst-doclet\jdk11\build\test-results\javadoc2rst\com\devives\samples\vehicles\CarImpl.html...
Generating E:\GitHub\devives\rst-doclet\jdk11\build\test-results\javadoc2rst\com\devives\samples\vehicles\CarImpl.html...
Generates documentation for com.devives.samples.vehicles.Vehicle
Generating E:\GitHub\devives\rst-doclet\jdk11\build\test-results\javadoc2rst\com\devives\samples\vehicles\Vehicle.html...
Generating E:\GitHub\devives\rst-doclet\jdk11\build\test-results\javadoc2rst\com\devives\samples\vehicles\Vehicle.html...
Generates documentation for com.devives.samples.vehicles.VehicleAbst
Generating E:\GitHub\devives\rst-doclet\jdk11\build\test-results\javadoc2rst\com\devives\samples\vehicles\VehicleAbst.html...
Generating E:\GitHub\devives\rst-doclet\jdk11\build\test-results\javadoc2rst\com\devives\samples\vehicles\VehicleAbst.html...
Generating E:\GitHub\devives\rst-doclet\jdk11\build\test-results\javadoc2rst\com\devives\samples\vehicles\VehicleAbst.html...
Generates package documentation for com.devives.samples
Generating E:\GitHub\devives\rst-doclet\jdk11\build\test-results\javadoc2rst\com\devives\samples...
Generating E:\GitHub\devives\rst-doclet\jdk11\build\test-results\javadoc2rst\com\devives\samples...
Generating E:\GitHub\devives\rst-doclet\jdk11\build\test-results\javadoc2rst\com\devives\samples...
Generates package documentation for com.devives.samples.inners
Generating E:\GitHub\devives\rst-doclet\jdk11\build\test-results\javadoc2rst\com\devives\samples\inners...
Generates package documentation for com.devives.samples.vehicles
Generating E:\GitHub\devives\rst-doclet\jdk11\build\test-results\javadoc2rst\com\devives\samples\vehicles...
Generating E:\GitHub\devives\rst-doclet\jdk11\build\test-results\javadoc2rst\constant-values.html...
]]></system-out>
  <system-err><![CDATA[]]></system-err>
</testsuite>
